{"D:\\Git\\Goalkeeper\\goal-keeper\\src\\App.js": {"path":"D:\\Git\\Goalkeeper\\goal-keeper\\src\\App.js","statementMap":{"0":{"start":{"line":6,"column":2},"end":{"line":23,"column":4}}},"fnMap":{"0":{"name":"App","decl":{"start":{"line":5,"column":9},"end":{"line":5,"column":12}},"loc":{"start":{"line":5,"column":15},"end":{"line":24,"column":1}},"line":5}},"branchMap":{},"s":{"0":1},"f":{"0":1},"b":{},"_coverageSchema":"43e27e138ebf9cfc5966b082cf9a028302ed4184","hash":"06e4f9dcc281482f9b3940fae0939c86df47c21f"}
,"D:\\Git\\Goalkeeper\\goal-keeper\\src\\index.js": {"path":"D:\\Git\\Goalkeeper\\goal-keeper\\src\\index.js","statementMap":{"0":{"start":{"line":10,"column":0},"end":{"line":19,"column":2}},"1":{"start":{"line":24,"column":0},"end":{"line":24,"column":27}}},"fnMap":{},"branchMap":{},"s":{"0":0,"1":0},"f":{},"b":{},"hash":"2853d2c52be2800ab3c9572f4878d5cf04a7232a"}
,"D:\\Git\\Goalkeeper\\goal-keeper\\src\\serviceWorker.js": {"path":"D:\\Git\\Goalkeeper\\goal-keeper\\src\\serviceWorker.js","statementMap":{"0":{"start":{"line":13,"column":20},"end":{"line":21,"column":1}},"1":{"start":{"line":24,"column":2},"end":{"line":54,"column":3}},"2":{"start":{"line":26,"column":22},"end":{"line":26,"column":75}},"3":{"start":{"line":27,"column":4},"end":{"line":32,"column":5}},"4":{"start":{"line":31,"column":6},"end":{"line":31,"column":13}},"5":{"start":{"line":34,"column":4},"end":{"line":53,"column":7}},"6":{"start":{"line":35,"column":20},"end":{"line":35,"column":65}},"7":{"start":{"line":37,"column":6},"end":{"line":52,"column":7}},"8":{"start":{"line":39,"column":8},"end":{"line":39,"column":47}},"9":{"start":{"line":43,"column":8},"end":{"line":48,"column":11}},"10":{"start":{"line":44,"column":10},"end":{"line":47,"column":12}},"11":{"start":{"line":51,"column":8},"end":{"line":51,"column":39}},"12":{"start":{"line":58,"column":2},"end":{"line":98,"column":7}},"13":{"start":{"line":61,"column":6},"end":{"line":94,"column":8}},"14":{"start":{"line":62,"column":33},"end":{"line":62,"column":56}},"15":{"start":{"line":63,"column":8},"end":{"line":65,"column":9}},"16":{"start":{"line":64,"column":10},"end":{"line":64,"column":17}},"17":{"start":{"line":66,"column":8},"end":{"line":93,"column":10}},"18":{"start":{"line":67,"column":10},"end":{"line":92,"column":11}},"19":{"start":{"line":68,"column":12},"end":{"line":91,"column":13}},"20":{"start":{"line":72,"column":14},"end":{"line":75,"column":16}},"21":{"start":{"line":78,"column":14},"end":{"line":80,"column":15}},"22":{"start":{"line":79,"column":16},"end":{"line":79,"column":46}},"23":{"start":{"line":85,"column":14},"end":{"line":85,"column":64}},"24":{"start":{"line":88,"column":14},"end":{"line":90,"column":15}},"25":{"start":{"line":89,"column":16},"end":{"line":89,"column":47}},"26":{"start":{"line":97,"column":6},"end":{"line":97,"column":72}},"27":{"start":{"line":103,"column":2},"end":{"line":128,"column":7}},"28":{"start":{"line":108,"column":26},"end":{"line":108,"column":62}},"29":{"start":{"line":109,"column":6},"end":{"line":122,"column":7}},"30":{"start":{"line":114,"column":8},"end":{"line":118,"column":11}},"31":{"start":{"line":115,"column":10},"end":{"line":117,"column":13}},"32":{"start":{"line":116,"column":12},"end":{"line":116,"column":37}},"33":{"start":{"line":121,"column":8},"end":{"line":121,"column":39}},"34":{"start":{"line":125,"column":6},"end":{"line":127,"column":8}},"35":{"start":{"line":132,"column":2},"end":{"line":140,"column":3}},"36":{"start":{"line":133,"column":4},"end":{"line":139,"column":9}},"37":{"start":{"line":135,"column":8},"end":{"line":135,"column":34}},"38":{"start":{"line":138,"column":8},"end":{"line":138,"column":37}}},"fnMap":{"0":{"name":"register","decl":{"start":{"line":23,"column":16},"end":{"line":23,"column":24}},"loc":{"start":{"line":23,"column":33},"end":{"line":55,"column":1}},"line":23},"1":{"name":"(anonymous_1)","decl":{"start":{"line":34,"column":36},"end":{"line":34,"column":37}},"loc":{"start":{"line":34,"column":42},"end":{"line":53,"column":5}},"line":34},"2":{"name":"(anonymous_2)","decl":{"start":{"line":43,"column":43},"end":{"line":43,"column":44}},"loc":{"start":{"line":43,"column":49},"end":{"line":48,"column":9}},"line":43},"3":{"name":"registerValidSW","decl":{"start":{"line":57,"column":9},"end":{"line":57,"column":24}},"loc":{"start":{"line":57,"column":40},"end":{"line":99,"column":1}},"line":57},"4":{"name":"(anonymous_4)","decl":{"start":{"line":60,"column":10},"end":{"line":60,"column":11}},"loc":{"start":{"line":60,"column":26},"end":{"line":95,"column":5}},"line":60},"5":{"name":"(anonymous_5)","decl":{"start":{"line":61,"column":35},"end":{"line":61,"column":36}},"loc":{"start":{"line":61,"column":41},"end":{"line":94,"column":7}},"line":61},"6":{"name":"(anonymous_6)","decl":{"start":{"line":66,"column":41},"end":{"line":66,"column":42}},"loc":{"start":{"line":66,"column":47},"end":{"line":93,"column":9}},"line":66},"7":{"name":"(anonymous_7)","decl":{"start":{"line":96,"column":11},"end":{"line":96,"column":12}},"loc":{"start":{"line":96,"column":20},"end":{"line":98,"column":5}},"line":96},"8":{"name":"checkValidServiceWorker","decl":{"start":{"line":101,"column":9},"end":{"line":101,"column":32}},"loc":{"start":{"line":101,"column":48},"end":{"line":129,"column":1}},"line":101},"9":{"name":"(anonymous_9)","decl":{"start":{"line":106,"column":10},"end":{"line":106,"column":11}},"loc":{"start":{"line":106,"column":22},"end":{"line":123,"column":5}},"line":106},"10":{"name":"(anonymous_10)","decl":{"start":{"line":114,"column":43},"end":{"line":114,"column":44}},"loc":{"start":{"line":114,"column":59},"end":{"line":118,"column":9}},"line":114},"11":{"name":"(anonymous_11)","decl":{"start":{"line":115,"column":41},"end":{"line":115,"column":42}},"loc":{"start":{"line":115,"column":47},"end":{"line":117,"column":11}},"line":115},"12":{"name":"(anonymous_12)","decl":{"start":{"line":124,"column":11},"end":{"line":124,"column":12}},"loc":{"start":{"line":124,"column":17},"end":{"line":128,"column":5}},"line":124},"13":{"name":"unregister","decl":{"start":{"line":131,"column":16},"end":{"line":131,"column":26}},"loc":{"start":{"line":131,"column":29},"end":{"line":141,"column":1}},"line":131},"14":{"name":"(anonymous_14)","decl":{"start":{"line":134,"column":12},"end":{"line":134,"column":13}},"loc":{"start":{"line":134,"column":28},"end":{"line":136,"column":7}},"line":134},"15":{"name":"(anonymous_15)","decl":{"start":{"line":137,"column":13},"end":{"line":137,"column":14}},"loc":{"start":{"line":137,"column":22},"end":{"line":139,"column":7}},"line":137}},"branchMap":{"0":{"loc":{"start":{"line":14,"column":2},"end":{"line":20,"column":5}},"type":"binary-expr","locations":[{"start":{"line":14,"column":2},"end":{"line":14,"column":42}},{"start":{"line":16,"column":4},"end":{"line":16,"column":40}},{"start":{"line":18,"column":4},"end":{"line":20,"column":5}}],"line":14},"1":{"loc":{"start":{"line":24,"column":2},"end":{"line":54,"column":3}},"type":"if","locations":[{"start":{"line":24,"column":2},"end":{"line":54,"column":3}},{"start":{"line":24,"column":2},"end":{"line":54,"column":3}}],"line":24},"2":{"loc":{"start":{"line":24,"column":6},"end":{"line":24,"column":75}},"type":"binary-expr","locations":[{"start":{"line":24,"column":6},"end":{"line":24,"column":43}},{"start":{"line":24,"column":47},"end":{"line":24,"column":75}}],"line":24},"3":{"loc":{"start":{"line":27,"column":4},"end":{"line":32,"column":5}},"type":"if","locations":[{"start":{"line":27,"column":4},"end":{"line":32,"column":5}},{"start":{"line":27,"column":4},"end":{"line":32,"column":5}}],"line":27},"4":{"loc":{"start":{"line":37,"column":6},"end":{"line":52,"column":7}},"type":"if","locations":[{"start":{"line":37,"column":6},"end":{"line":52,"column":7}},{"start":{"line":37,"column":6},"end":{"line":52,"column":7}}],"line":37},"5":{"loc":{"start":{"line":63,"column":8},"end":{"line":65,"column":9}},"type":"if","locations":[{"start":{"line":63,"column":8},"end":{"line":65,"column":9}},{"start":{"line":63,"column":8},"end":{"line":65,"column":9}}],"line":63},"6":{"loc":{"start":{"line":67,"column":10},"end":{"line":92,"column":11}},"type":"if","locations":[{"start":{"line":67,"column":10},"end":{"line":92,"column":11}},{"start":{"line":67,"column":10},"end":{"line":92,"column":11}}],"line":67},"7":{"loc":{"start":{"line":68,"column":12},"end":{"line":91,"column":13}},"type":"if","locations":[{"start":{"line":68,"column":12},"end":{"line":91,"column":13}},{"start":{"line":68,"column":12},"end":{"line":91,"column":13}}],"line":68},"8":{"loc":{"start":{"line":78,"column":14},"end":{"line":80,"column":15}},"type":"if","locations":[{"start":{"line":78,"column":14},"end":{"line":80,"column":15}},{"start":{"line":78,"column":14},"end":{"line":80,"column":15}}],"line":78},"9":{"loc":{"start":{"line":78,"column":18},"end":{"line":78,"column":43}},"type":"binary-expr","locations":[{"start":{"line":78,"column":18},"end":{"line":78,"column":24}},{"start":{"line":78,"column":28},"end":{"line":78,"column":43}}],"line":78},"10":{"loc":{"start":{"line":88,"column":14},"end":{"line":90,"column":15}},"type":"if","locations":[{"start":{"line":88,"column":14},"end":{"line":90,"column":15}},{"start":{"line":88,"column":14},"end":{"line":90,"column":15}}],"line":88},"11":{"loc":{"start":{"line":88,"column":18},"end":{"line":88,"column":44}},"type":"binary-expr","locations":[{"start":{"line":88,"column":18},"end":{"line":88,"column":24}},{"start":{"line":88,"column":28},"end":{"line":88,"column":44}}],"line":88},"12":{"loc":{"start":{"line":109,"column":6},"end":{"line":122,"column":7}},"type":"if","locations":[{"start":{"line":109,"column":6},"end":{"line":122,"column":7}},{"start":{"line":109,"column":6},"end":{"line":122,"column":7}}],"line":109},"13":{"loc":{"start":{"line":110,"column":8},"end":{"line":111,"column":73}},"type":"binary-expr","locations":[{"start":{"line":110,"column":8},"end":{"line":110,"column":31}},{"start":{"line":111,"column":9},"end":{"line":111,"column":28}},{"start":{"line":111,"column":32},"end":{"line":111,"column":72}}],"line":110},"14":{"loc":{"start":{"line":132,"column":2},"end":{"line":140,"column":3}},"type":"if","locations":[{"start":{"line":132,"column":2},"end":{"line":140,"column":3}},{"start":{"line":132,"column":2},"end":{"line":140,"column":3}}],"line":132}},"s":{"0":0,"1":0,"2":0,"3":0,"4":0,"5":0,"6":0,"7":0,"8":0,"9":0,"10":0,"11":0,"12":0,"13":0,"14":0,"15":0,"16":0,"17":0,"18":0,"19":0,"20":0,"21":0,"22":0,"23":0,"24":0,"25":0,"26":0,"27":0,"28":0,"29":0,"30":0,"31":0,"32":0,"33":0,"34":0,"35":0,"36":0,"37":0,"38":0},"f":{"0":0,"1":0,"2":0,"3":0,"4":0,"5":0,"6":0,"7":0,"8":0,"9":0,"10":0,"11":0,"12":0,"13":0,"14":0,"15":0},"b":{"0":[0,0,0],"1":[0,0],"2":[0,0],"3":[0,0],"4":[0,0],"5":[0,0],"6":[0,0],"7":[0,0],"8":[0,0],"9":[0,0],"10":[0,0],"11":[0,0],"12":[0,0],"13":[0,0,0],"14":[0,0]},"hash":"3c3d43cc30416c1ed4180f9309c112da88d8c397"}
,"D:\\Git\\Goalkeeper\\goal-keeper\\src\\footer\\Footer.js": {"path":"D:\\Git\\Goalkeeper\\goal-keeper\\src\\footer\\Footer.js","statementMap":{"0":{"start":{"line":11,"column":8},"end":{"line":25,"column":9}}},"fnMap":{"0":{"name":"(anonymous_0)","decl":{"start":{"line":10,"column":4},"end":{"line":10,"column":5}},"loc":{"start":{"line":10,"column":13},"end":{"line":26,"column":5}},"line":10}},"branchMap":{},"s":{"0":1},"f":{"0":1},"b":{},"_coverageSchema":"43e27e138ebf9cfc5966b082cf9a028302ed4184","hash":"42f2a3f34d1c54c6a80732de6e32ab74cd2e7127"}
,"D:\\Git\\Goalkeeper\\goal-keeper\\src\\header\\Header.js": {"path":"D:\\Git\\Goalkeeper\\goal-keeper\\src\\header\\Header.js","statementMap":{"0":{"start":{"line":10,"column":20},"end":{"line":10,"column":37}},"1":{"start":{"line":11,"column":21},"end":{"line":11,"column":103}},"2":{"start":{"line":13,"column":23},"end":{"line":13,"column":63}},"3":{"start":{"line":14,"column":8},"end":{"line":14,"column":35}},"4":{"start":{"line":16,"column":8},"end":{"line":16,"column":54}},"5":{"start":{"line":18,"column":23},"end":{"line":18,"column":53}},"6":{"start":{"line":19,"column":23},"end":{"line":19,"column":71}},"7":{"start":{"line":20,"column":19},"end":{"line":20,"column":53}},"8":{"start":{"line":21,"column":8},"end":{"line":21,"column":24}},"9":{"start":{"line":23,"column":8},"end":{"line":23,"column":30}},"10":{"start":{"line":25,"column":22},"end":{"line":32,"column":9}},"11":{"start":{"line":26,"column":12},"end":{"line":26,"column":43}},"12":{"start":{"line":28,"column":12},"end":{"line":28,"column":36}},"13":{"start":{"line":29,"column":12},"end":{"line":29,"column":36}},"14":{"start":{"line":31,"column":12},"end":{"line":31,"column":43}},"15":{"start":{"line":34,"column":8},"end":{"line":34,"column":18}},"16":{"start":{"line":38,"column":8},"end":{"line":43,"column":10}},"17":{"start":{"line":40,"column":51},"end":{"line":40,"column":67}}},"fnMap":{"0":{"name":"(anonymous_0)","decl":{"start":{"line":8,"column":4},"end":{"line":8,"column":5}},"loc":{"start":{"line":8,"column":24},"end":{"line":35,"column":5}},"line":8},"1":{"name":"(anonymous_1)","decl":{"start":{"line":25,"column":22},"end":{"line":25,"column":23}},"loc":{"start":{"line":25,"column":34},"end":{"line":32,"column":9}},"line":25},"2":{"name":"(anonymous_2)","decl":{"start":{"line":37,"column":4},"end":{"line":37,"column":5}},"loc":{"start":{"line":37,"column":13},"end":{"line":44,"column":5}},"line":37},"3":{"name":"(anonymous_3)","decl":{"start":{"line":40,"column":43},"end":{"line":40,"column":44}},"loc":{"start":{"line":40,"column":51},"end":{"line":40,"column":67}},"line":40}},"branchMap":{},"s":{"0":0,"1":0,"2":0,"3":0,"4":0,"5":0,"6":0,"7":0,"8":0,"9":0,"10":0,"11":0,"12":0,"13":0,"14":0,"15":0,"16":0,"17":0},"f":{"0":0,"1":0,"2":0,"3":0},"b":{},"hash":"49abd24742ce0af9a88f60ec608da8b371d046cb"}
,"D:\\Git\\Goalkeeper\\goal-keeper\\src\\home\\Home.js": {"path":"D:\\Git\\Goalkeeper\\goal-keeper\\src\\home\\Home.js","statementMap":{"0":{"start":{"line":10,"column":8},"end":{"line":22,"column":10}}},"fnMap":{"0":{"name":"(anonymous_0)","decl":{"start":{"line":9,"column":4},"end":{"line":9,"column":5}},"loc":{"start":{"line":9,"column":13},"end":{"line":23,"column":5}},"line":9}},"branchMap":{},"s":{"0":0},"f":{"0":0},"b":{},"hash":"0083876671a2509bb48f5fa68c55f0c83c7473ed"}
,"D:\\Git\\Goalkeeper\\goal-keeper\\src\\home\\match\\Match.js": {"path":"D:\\Git\\Goalkeeper\\goal-keeper\\src\\home\\match\\Match.js","statementMap":{"0":{"start":{"line":6,"column":8},"end":{"line":6,"column":65}},"1":{"start":{"line":12,"column":8},"end":{"line":12,"column":21}},"2":{"start":{"line":13,"column":8},"end":{"line":17,"column":9}},"3":{"start":{"line":22,"column":8},"end":{"line":37,"column":13}},"4":{"start":{"line":23,"column":25},"end":{"line":23,"column":35}},"5":{"start":{"line":26,"column":20},"end":{"line":29,"column":23}},"6":{"start":{"line":32,"column":20},"end":{"line":35,"column":22}},"7":{"start":{"line":41,"column":45},"end":{"line":41,"column":55}},"8":{"start":{"line":42,"column":8},"end":{"line":64,"column":9}},"9":{"start":{"line":43,"column":12},"end":{"line":43,"column":53}},"10":{"start":{"line":44,"column":15},"end":{"line":64,"column":9}},"11":{"start":{"line":45,"column":12},"end":{"line":45,"column":40}},"12":{"start":{"line":47,"column":12},"end":{"line":63,"column":14}},"13":{"start":{"line":52,"column":28},"end":{"line":59,"column":34}}},"fnMap":{"0":{"name":"(anonymous_0)","decl":{"start":{"line":5,"column":4},"end":{"line":5,"column":5}},"loc":{"start":{"line":5,"column":13},"end":{"line":7,"column":5}},"line":5},"1":{"name":"(anonymous_1)","decl":{"start":{"line":11,"column":4},"end":{"line":11,"column":5}},"loc":{"start":{"line":11,"column":23},"end":{"line":18,"column":5}},"line":11},"2":{"name":"(anonymous_2)","decl":{"start":{"line":21,"column":4},"end":{"line":21,"column":5}},"loc":{"start":{"line":21,"column":24},"end":{"line":38,"column":5}},"line":21},"3":{"name":"(anonymous_3)","decl":{"start":{"line":23,"column":18},"end":{"line":23,"column":19}},"loc":{"start":{"line":23,"column":25},"end":{"line":23,"column":35}},"line":23},"4":{"name":"(anonymous_4)","decl":{"start":{"line":25,"column":16},"end":{"line":25,"column":17}},"loc":{"start":{"line":25,"column":28},"end":{"line":30,"column":17}},"line":25},"5":{"name":"(anonymous_5)","decl":{"start":{"line":31,"column":16},"end":{"line":31,"column":17}},"loc":{"start":{"line":31,"column":27},"end":{"line":36,"column":17}},"line":31},"6":{"name":"(anonymous_6)","decl":{"start":{"line":40,"column":4},"end":{"line":40,"column":5}},"loc":{"start":{"line":40,"column":13},"end":{"line":65,"column":5}},"line":40},"7":{"name":"(anonymous_7)","decl":{"start":{"line":51,"column":37},"end":{"line":51,"column":38}},"loc":{"start":{"line":52,"column":28},"end":{"line":59,"column":34}},"line":52}},"branchMap":{"0":{"loc":{"start":{"line":42,"column":8},"end":{"line":64,"column":9}},"type":"if","locations":[{"start":{"line":42,"column":8},"end":{"line":64,"column":9}},{"start":{"line":42,"column":8},"end":{"line":64,"column":9}}],"line":42},"1":{"loc":{"start":{"line":44,"column":15},"end":{"line":64,"column":9}},"type":"if","locations":[{"start":{"line":44,"column":15},"end":{"line":64,"column":9}},{"start":{"line":44,"column":15},"end":{"line":64,"column":9}}],"line":44}},"s":{"0":0,"1":0,"2":0,"3":0,"4":0,"5":0,"6":0,"7":0,"8":0,"9":0,"10":0,"11":0,"12":0,"13":0},"f":{"0":0,"1":0,"2":0,"3":0,"4":0,"5":0,"6":0,"7":0},"b":{"0":[0,0],"1":[0,0]},"hash":"2e104b4374a3d5692c5482e57b1f5b3dba6c2ad4"}
,"D:\\Git\\Goalkeeper\\goal-keeper\\src\\home\\news\\news.js": {"path":"D:\\Git\\Goalkeeper\\goal-keeper\\src\\home\\news\\news.js","statementMap":{"0":{"start":{"line":6,"column":8},"end":{"line":10,"column":10}}},"fnMap":{"0":{"name":"(anonymous_0)","decl":{"start":{"line":5,"column":4},"end":{"line":5,"column":5}},"loc":{"start":{"line":5,"column":13},"end":{"line":11,"column":5}},"line":5}},"branchMap":{},"s":{"0":0},"f":{"0":0},"b":{},"hash":"40c9c2bdc8e10b25b5f0973652dfaa614222357e"}
,"D:\\Git\\Goalkeeper\\goal-keeper\\src\\home\\ranking-table\\Ranking.js": {"path":"D:\\Git\\Goalkeeper\\goal-keeper\\src\\home\\ranking-table\\Ranking.js","statementMap":{"0":{"start":{"line":7,"column":8},"end":{"line":7,"column":21}},"1":{"start":{"line":8,"column":8},"end":{"line":12,"column":9}},"2":{"start":{"line":16,"column":8},"end":{"line":31,"column":13}},"3":{"start":{"line":17,"column":25},"end":{"line":17,"column":35}},"4":{"start":{"line":20,"column":20},"end":{"line":23,"column":23}},"5":{"start":{"line":26,"column":20},"end":{"line":29,"column":22}},"6":{"start":{"line":36,"column":46},"end":{"line":36,"column":56}},"7":{"start":{"line":37,"column":8},"end":{"line":67,"column":9}},"8":{"start":{"line":38,"column":12},"end":{"line":38,"column":54}},"9":{"start":{"line":39,"column":15},"end":{"line":67,"column":9}},"10":{"start":{"line":40,"column":12},"end":{"line":40,"column":38}},"11":{"start":{"line":42,"column":12},"end":{"line":66,"column":14}},"12":{"start":{"line":56,"column":36},"end":{"line":60,"column":41}}},"fnMap":{"0":{"name":"(anonymous_0)","decl":{"start":{"line":6,"column":4},"end":{"line":6,"column":5}},"loc":{"start":{"line":6,"column":23},"end":{"line":13,"column":5}},"line":6},"1":{"name":"(anonymous_1)","decl":{"start":{"line":15,"column":4},"end":{"line":15,"column":5}},"loc":{"start":{"line":15,"column":24},"end":{"line":32,"column":5}},"line":15},"2":{"name":"(anonymous_2)","decl":{"start":{"line":17,"column":18},"end":{"line":17,"column":19}},"loc":{"start":{"line":17,"column":25},"end":{"line":17,"column":35}},"line":17},"3":{"name":"(anonymous_3)","decl":{"start":{"line":19,"column":16},"end":{"line":19,"column":17}},"loc":{"start":{"line":19,"column":28},"end":{"line":24,"column":17}},"line":19},"4":{"name":"(anonymous_4)","decl":{"start":{"line":25,"column":16},"end":{"line":25,"column":17}},"loc":{"start":{"line":25,"column":27},"end":{"line":30,"column":17}},"line":25},"5":{"name":"(anonymous_5)","decl":{"start":{"line":35,"column":4},"end":{"line":35,"column":5}},"loc":{"start":{"line":35,"column":13},"end":{"line":68,"column":5}},"line":35},"6":{"name":"(anonymous_6)","decl":{"start":{"line":55,"column":46},"end":{"line":55,"column":47}},"loc":{"start":{"line":56,"column":36},"end":{"line":60,"column":41}},"line":56}},"branchMap":{"0":{"loc":{"start":{"line":37,"column":8},"end":{"line":67,"column":9}},"type":"if","locations":[{"start":{"line":37,"column":8},"end":{"line":67,"column":9}},{"start":{"line":37,"column":8},"end":{"line":67,"column":9}}],"line":37},"1":{"loc":{"start":{"line":39,"column":15},"end":{"line":67,"column":9}},"type":"if","locations":[{"start":{"line":39,"column":15},"end":{"line":67,"column":9}},{"start":{"line":39,"column":15},"end":{"line":67,"column":9}}],"line":39}},"s":{"0":0,"1":0,"2":0,"3":0,"4":0,"5":0,"6":0,"7":0,"8":0,"9":0,"10":0,"11":0,"12":0},"f":{"0":0,"1":0,"2":0,"3":0,"4":0,"5":0,"6":0},"b":{"0":[0,0],"1":[0,0]},"hash":"0c46bf26e5eb4f5ec4cc9f719c54515810e06dee"}
,"D:\\Git\\Goalkeeper\\goal-keeper\\src\\home\\upcoming-match\\upcoming-match.js": {"path":"D:\\Git\\Goalkeeper\\goal-keeper\\src\\home\\upcoming-match\\upcoming-match.js","statementMap":{"0":{"start":{"line":10,"column":8},"end":{"line":19,"column":10}}},"fnMap":{"0":{"name":"(anonymous_0)","decl":{"start":{"line":9,"column":4},"end":{"line":9,"column":5}},"loc":{"start":{"line":9,"column":13},"end":{"line":20,"column":5}},"line":9}},"branchMap":{},"s":{"0":0},"f":{"0":0},"b":{},"hash":"1c3f2ead388bb68c382a218f8a26949eb3ab32c9"}
}
